<?xml version="1.0" encoding="utf-8" standalone="yes"?>
<Events><Event xmlns='http://schemas.microsoft.com/win/2004/08/events/event'><System><Provider Name='Microsoft-Windows-Security-Auditing' Guid='{54849625-5478-4994-A5BA-3E3B0328C30D}'/><EventID>4776</EventID><Version>0</Version><Level>0</Level><Task>14336</Task><Opcode>0</Opcode><Keywords>0x8020000000000000</Keywords><TimeCreated SystemTime='2015-03-04T16:58:46.059949400Z'/><EventRecordID>146493090</EventRecordID><Correlation/><Execution ProcessID='504' ThreadID='7908'/><Channel>Security</Channel><Computer>VMESCLDCP06.cloud.corp</Computer><Security/></System><EventData><Data Name='PackageName'>MICROSOFT_AUTHENTICATION_PACKAGE_V1_0</Data><Data Name='TargetUserName'>srvsevarchiving</Data><Data Name='Workstation'>VMESCLSEVP07</Data><Data Name='Status'>0x0</Data></EventData><RenderingInfo Culture='es-ES'><Message>El equipo intentó validar las credenciales de una cuenta.

Paquete de autenticación:	MICROSOFT_AUTHENTICATION_PACKAGE_V1_0
Cuenta de inicio de sesión:	srvsevarchiving
Estación de trabajo de origen:	VMESCLSEVP07
Código de error:	0x0</Message><Level>Información</Level><Task>Validación de credenciales</Task><Opcode>Información</Opcode><Channel>Seguridad</Channel><Provider>Auditoría de seguridad de Microsoft Windows.</Provider><Keywords><Keyword>Auditoría correcta</Keyword></Keywords></RenderingInfo></Event><Event xmlns='http://schemas.microsoft.com/win/2004/08/events/event'><System><Provider Name='Microsoft-Windows-Security-Auditing' Guid='{54849625-5478-4994-A5BA-3E3B0328C30D}'/><EventID>4776</EventID><Version>0</Version><Level>0</Level><Task>14336</Task><Opcode>0</Opcode><Keywords>0x8020000000000000</Keywords><TimeCreated SystemTime='2015-03-04T16:58:45.778702600Z'/><EventRecordID>146493089</EventRecordID><Correlation/><Execution ProcessID='504' ThreadID='7908'/><Channel>Security</Channel><Computer>VMESCLDCP06.cloud.corp</Computer><Security/></System><EventData><Data Name='PackageName'>MICROSOFT_AUTHENTICATION_PACKAGE_V1_0</Data><Data Name='TargetUserName'>srvsevarchiving</Data><Data Name='Workstation'>VMESCLSEVP07</Data><Data Name='Status'>0x0</Data></EventData><RenderingInfo Culture='es-ES'><Message>El equipo intentó validar las credenciales de una cuenta.

Paquete de autenticación:	MICROSOFT_AUTHENTICATION_PACKAGE_V1_0
Cuenta de inicio de sesión:	srvsevarchiving
Estación de trabajo de origen:	VMESCLSEVP07
Código de error:	0x0</Message><Level>Información</Level><Task>Validación de credenciales</Task><Opcode>Información</Opcode><Channel>Seguridad</Channel><Provider>Auditoría de seguridad de Microsoft Windows.</Provider><Keywords><Keyword>Auditoría correcta</Keyword></Keywords></RenderingInfo></Event><Event xmlns='http://schemas.microsoft.com/win/2004/08/events/event'><System><Provider Name='Microsoft-Windows-Security-Auditing' Guid='{54849625-5478-4994-A5BA-3E3B0328C30D}'/><EventID>4776</EventID><Version>0</Version><Level>0</Level><Task>14336</Task><Opcode>0</Opcode><Keywords>0x8020000000000000</Keywords><TimeCreated SystemTime='2015-03-04T16:58:45.763076100Z'/><EventRecordID>146493088</EventRecordID><Correlation/><Execution ProcessID='504' ThreadID='7908'/><Channel>Security</Channel><Computer>VMESCLDCP06.cloud.corp</Computer><Security/></System><EventData><Data Name='PackageName'>MICROSOFT_AUTHENTICATION_PACKAGE_V1_0</Data><Data Name='TargetUserName'>srvsevarchiving</Data><Data Name='Workstation'>VMESCLSEVP07</Data><Data Name='Status'>0x0</Data></EventData><RenderingInfo Culture='es-ES'><Message>El equipo intentó validar las credenciales de una cuenta.

Paquete de autenticación:	MICROSOFT_AUTHENTICATION_PACKAGE_V1_0
Cuenta de inicio de sesión:	srvsevarchiving
Estación de trabajo de origen:	VMESCLSEVP07
Código de error:	0x0</Message><Level>Información</Level><Task>Validación de credenciales</Task><Opcode>Información</Opcode><Channel>Seguridad</Channel><Provider>Auditoría de seguridad de Microsoft Windows.</Provider><Keywords><Keyword>Auditoría correcta</Keyword></Keywords></RenderingInfo></Event><Event xmlns='http://schemas.microsoft.com/win/2004/08/events/event'><System><Provider Name='Microsoft-Windows-Security-Auditing' Guid='{54849625-5478-4994-A5BA-3E3B0328C30D}'/><EventID>4776</EventID><Version>0</Version><Level>0</Level><Task>14336</Task><Opcode>0</Opcode><Keywords>0x8020000000000000</Keywords><TimeCreated SystemTime='2015-03-04T16:58:45.700574600Z'/><EventRecordID>146493087</EventRecordID><Correlation/><Execution ProcessID='504' ThreadID='4084'/><Channel>Security</Channel><Computer>VMESCLDCP06.cloud.corp</Computer><Security/></System><EventData><Data Name='PackageName'>MICROSOFT_AUTHENTICATION_PACKAGE_V1_0</Data><Data Name='TargetUserName'>svcBlackBes0001</Data><Data Name='Workstation'>VMESCLBESP16</Data><Data Name='Status'>0x0</Data></EventData><RenderingInfo Culture='es-ES'><Message>El equipo intentó validar las credenciales de una cuenta.

Paquete de autenticación:	MICROSOFT_AUTHENTICATION_PACKAGE_V1_0
Cuenta de inicio de sesión:	svcBlackBes0001
Estación de trabajo de origen:	VMESCLBESP16
Código de error:	0x0</Message><Level>Información</Level><Task>Validación de credenciales</Task><Opcode>Información</Opcode><Channel>Seguridad</Channel><Provider>Auditoría de seguridad de Microsoft Windows.</Provider><Keywords><Keyword>Auditoría correcta</Keyword></Keywords></RenderingInfo></Event><Event xmlns='http://schemas.microsoft.com/win/2004/08/events/event'><System><Provider Name='Microsoft-Windows-Security-Auditing' Guid='{54849625-5478-4994-A5BA-3E3B0328C30D}'/><EventID>4776</EventID><Version>0</Version><Level>0</Level><Task>14336</Task><Opcode>0</Opcode><Keywords>0x8020000000000000</Keywords><TimeCreated SystemTime='2015-03-04T16:58:45.309945500Z'/><EventRecordID>146493086</EventRecordID><Correlation/><Execution ProcessID='504' ThreadID='4084'/><Channel>Security</Channel><Computer>VMESCLDCP06.cloud.corp</Computer><Security/></System><EventData><Data Name='PackageName'>MICROSOFT_AUTHENTICATION_PACKAGE_V1_0</Data><Data Name='TargetUserName'>srvsevarchiving</Data><Data Name='Workstation'>VMESCLSEVP02</Data><Data Name='Status'>0x0</Data></EventData><RenderingInfo Culture='es-ES'><Message>El equipo intentó validar las credenciales de una cuenta.

Paquete de autenticación:	MICROSOFT_AUTHENTICATION_PACKAGE_V1_0
Cuenta de inicio de sesión:	srvsevarchiving
Estación de trabajo de origen:	VMESCLSEVP02
Código de error:	0x0</Message><Level>Información</Level><Task>Validación de credenciales</Task><Opcode>Información</Opcode><Channel>Seguridad</Channel><Provider>Auditoría de seguridad de Microsoft Windows.</Provider><Keywords><Keyword>Auditoría correcta</Keyword></Keywords></RenderingInfo></Event><Event xmlns='http://schemas.microsoft.com/win/2004/08/events/event'><System><Provider Name='Microsoft-Windows-Security-Auditing' Guid='{54849625-5478-4994-A5BA-3E3B0328C30D}'/><EventID>4776</EventID><Version>0</Version><Level>0</Level><Task>14336</Task><Opcode>0</Opcode><Keywords>0x8020000000000000</Keywords><TimeCreated SystemTime='2015-03-04T16:58:45.075572800Z'/><EventRecordID>146493085</EventRecordID><Correlation/><Execution ProcessID='504' ThreadID='4084'/><Channel>Security</Channel><Computer>VMESCLDCP06.cloud.corp</Computer><Security/></System><EventData><Data Name='PackageName'>MICROSOFT_AUTHENTICATION_PACKAGE_V1_0</Data><Data Name='TargetUserName'>srvsevarchiving</Data><Data Name='Workstation'>VMESCLSEVP02</Data><Data Name='Status'>0x0</Data></EventData><RenderingInfo Culture='es-ES'><Message>El equipo intentó validar las credenciales de una cuenta.

